This is pdfTeX, Version 3.14159265-2.6-1.40.20 (MiKTeX 2.9.7250) (preloaded format=pdflatex 2020.1.10)  16 JAN 2020 19:28
entering extended mode
**/home/kwaks/Algorithms/algorithms.tex
(/home/kwaks/Algorithms/algorithms.tex
LaTeX2e <2019-10-01> patch level 3
(/home/kwaks/.miktex/texmfs/install/tex/latex/base/article.cls
Document Class: article 2019/10/25 v1.4k Standard LaTeX document class
(/home/kwaks/.miktex/texmfs/install/tex/latex/base/size10.clo
File: size10.clo 2019/10/25 v1.4k Standard LaTeX file (size option)
)
\c@part=\count80
\c@section=\count81
\c@subsection=\count82
\c@subsubsection=\count83
\c@paragraph=\count84
\c@subparagraph=\count85
\c@figure=\count86
\c@table=\count87
\abovecaptionskip=\skip41
\belowcaptionskip=\skip42
\bibindent=\dimen102
) (/home/kwaks/.miktex/texmfs/install/tex/latex/listings/listings.sty (/home/kwaks/.miktex/texmfs/install/tex/latex/graphics/keyval.sty
Package: keyval 2014/10/28 v1.15 key=value parser (DPC)
\KV@toks@=\toks14
)
\lst@mode=\count88
\lst@gtempboxa=\box27
\lst@token=\toks15
\lst@length=\count89
\lst@currlwidth=\dimen103
\lst@column=\count90
\lst@pos=\count91
\lst@lostspace=\dimen104
\lst@width=\dimen105
\lst@newlines=\count92
\lst@lineno=\count93
\lst@maxwidth=\dimen106
 (/home/kwaks/.miktex/texmfs/install/tex/latex/listings/lstmisc.sty
File: lstmisc.sty 2019/09/10 1.8c (Carsten Heinz)
\c@lstnumber=\count94
\lst@skipnumbers=\count95
\lst@framebox=\box28
) (/home/kwaks/.miktex/texmfs/install/tex/latex/listings/listings.cfg
File: listings.cfg 2019/09/10 1.8c listings configuration
))
Package: listings 2019/09/10 1.8c (Carsten Heinz)
 (/home/kwaks/.miktex/texmfs/install/tex/latex/titling/titling.sty
Package: titling 2009/09/04 v2.1d maketitle typesetting
\thanksmarkwidth=\skip43
\thanksmargin=\skip44
\droptitle=\skip45
) (/home/kwaks/Algorithms/algorithms.aux)
\openout1 = `algorithms.aux'.

LaTeX Font Info:    Checking defaults for OML/cmm/m/it on input line 19.
LaTeX Font Info:    ... okay on input line 19.
LaTeX Font Info:    Checking defaults for T1/cmr/m/n on input line 19.
LaTeX Font Info:    ... okay on input line 19.
LaTeX Font Info:    Checking defaults for OT1/cmr/m/n on input line 19.
LaTeX Font Info:    ... okay on input line 19.
LaTeX Font Info:    Checking defaults for OMS/cmsy/m/n on input line 19.
LaTeX Font Info:    ... okay on input line 19.
LaTeX Font Info:    Checking defaults for OMX/cmex/m/n on input line 19.
LaTeX Font Info:    ... okay on input line 19.
LaTeX Font Info:    Checking defaults for U/cmr/m/n on input line 19.
LaTeX Font Info:    ... okay on input line 19.
\c@lstlisting=\count96
 (/home/kwaks/.miktex/texmfs/install/tex/latex/listings/lstlang1.sty
File: lstlang1.sty 2019/09/10 1.8c listings language file
) (/home/kwaks/.miktex/texmfs/install/tex/latex/listings/lstmisc.sty
File: lstmisc.sty 2019/09/10 1.8c (Carsten Heinz)
)
LaTeX Font Info:    External font `cmex10' loaded for size
(Font)              <12> on input line 23.
LaTeX Font Info:    External font `cmex10' loaded for size
(Font)              <8> on input line 23.
LaTeX Font Info:    External font `cmex10' loaded for size
(Font)              <6> on input line 23.
 [1

{/home/kwaks/.miktex/texmfs/data/pdftex/config/pdftex.map}]
LaTeX Font Info:    Trying to load font information for OMS+cmr on input line 31.
 (/home/kwaks/.miktex/texmfs/install/tex/latex/base/omscmr.fd
File: omscmr.fd 2014/09/29 v2.5h Standard LaTeX font definitions
)
LaTeX Font Info:    Font shape `OMS/cmr/m/n' in size <10> not available
(Font)              Font shape `OMS/cmsy/m/n' tried instead on input line 31.
 [1]
Overfull \hbox (51.00403pt too wide) in paragraph at lines 68--69
[][][][][][][][][][][][][][][][][][][][][][][][][] 
 []


Overfull \hbox (27.00378pt too wide) in paragraph at lines 101--103
[][][][][][][][][][][][][][][][][][][][][][][] 
 []


Overfull \hbox (15.00366pt too wide) in paragraph at lines 103--105
[][][][][][][][][][][][][][][][][][][][][][][][][] 
 []


Overfull \hbox (27.00378pt too wide) in paragraph at lines 105--106
[][][][][][][][][][][][][][][][][][][][][][][][][] 
 []

[2]
LaTeX Font Info:    Trying to load font information for OML+cmr on input line 142.
 (/home/kwaks/.miktex/texmfs/install/tex/latex/base/omlcmr.fd
File: omlcmr.fd 2014/09/29 v2.5h Standard LaTeX font definitions
)
LaTeX Font Info:    Font shape `OML/cmr/m/n' in size <10> not available
(Font)              Font shape `OML/cmm/m/it' tried instead on input line 142.
 [3]
Underfull \hbox (badness 10000) in paragraph at lines 166--168

 []

LaTeX Font Info:    External font `cmex10' loaded for size
(Font)              <7> on input line 187.
LaTeX Font Info:    External font `cmex10' loaded for size
(Font)              <5> on input line 187.

Overfull \hbox (75.00427pt too wide) in paragraph at lines 187--189
[][][][][][][][][][][][][][][][][][][][][][][][][][][][][][][] 
 []

[4]
Overfull \hbox (51.00403pt too wide) in paragraph at lines 213--214
[][][][][][][][][][][][][][][][][][][][][][][][][] 
 []

[5] (/home/kwaks/Algorithms/algorithms.aux) ) 
Here is how much of TeX's memory you used:
 2119 strings out of 494411
 27714 string characters out of 3174490
 285141 words of memory out of 3000000
 6265 multiletter control sequences out of 15000+200000
 8241 words of font info for 29 fonts, out of 3000000 for 9000
 0 hyphenation exceptions out of 8191
 28i,5n,51p,200b,1531s stack positions out of 5000i,500n,10000p,200000b,50000s
</home/kwaks/.miktex/texmfs/install/fonts/type1/public/amsfonts/cm/cmbx10.pfb></home/kwaks/.miktex/texmfs/install/fonts/type1/public/amsfonts/cm/cmbx12.pfb></home/kwaks/.miktex/texmfs/install/fonts/type1/public/amsfonts/cm/cmmi10.pfb></home/kwaks/.miktex/texmfs/install/fonts/type1/public/amsfonts/cm/cmr10.pfb></home/kwaks/.miktex/texmfs/install/fonts/type1/public/amsfonts/cm/cmr12.pfb></home/kwaks/.miktex/texmfs/install/fonts/type1/public/amsfonts/cm/cmr17.pfb></home/kwaks/.miktex/texmfs/install/fonts/type1/public/amsfonts/cm/cmsy10.pfb></home/kwaks/.miktex/texmfs/install/fonts/type1/public/amsfonts/cm/cmti10.pfb>
Output written on /home/kwaks/Algorithms/algorithms.pdf (6 pages, 110057 bytes).
PDF statistics:
 53 PDF objects out of 1000 (max. 8388607)
 0 named destinations out of 1000 (max. 500000)
 1 words of extra memory for PDF output out of 10000 (max. 10000000)

